Date - 2021-12-09 11:20:02
Priority level - [INFO]
Logger name - org.hibernate.Version
Class name - org.hibernate.Version
File name  - Version.java
Method name - logVersion
Exception - HHH000412: Hibernate ORM core version 5.6.0.Final
Date - 2021-12-09 11:20:02
Priority level - [INFO]
Logger name - org.hibernate.annotations.common.Version
Class name - hibernate.annotations.common.reflection.java.JavaReflectionManager
File name  - JavaReflectionManager.java
Method name - <clinit>
Exception - HCANN000001: Hibernate Commons Annotations {5.1.2.Final}
Date - 2021-12-09 11:20:03
Priority level - [WARN]
Logger name - org.hibernate.orm.connections.pooling
Class name - hibernate.engine.jdbc.connections.internal.DriverManagerConnectionProviderImpl
File name  - DriverManagerConnectionProviderImpl.java
Method name - configure
Exception - HHH10001002: Using Hibernate built-in connection pool (not for production use!)
Date - 2021-12-09 11:20:03
Priority level - [INFO]
Logger name - org.hibernate.orm.connections.pooling
Class name - hibernate.engine.jdbc.connections.internal.DriverManagerConnectionProviderImpl
File name  - DriverManagerConnectionProviderImpl.java
Method name - buildCreator
Exception - HHH10001005: using driver [com.mysql.jdbc.Driver] at URL [jdbc:mysql://localhost:3306/employee_management_system]
Date - 2021-12-09 11:20:03
Priority level - [INFO]
Logger name - org.hibernate.orm.connections.pooling
Class name - hibernate.engine.jdbc.connections.internal.DriverManagerConnectionProviderImpl
File name  - DriverManagerConnectionProviderImpl.java
Method name - buildCreator
Exception - HHH10001001: Connection properties: {password=****, user=root}
Date - 2021-12-09 11:20:03
Priority level - [INFO]
Logger name - org.hibernate.orm.connections.pooling
Class name - hibernate.engine.jdbc.connections.internal.DriverManagerConnectionProviderImpl
File name  - DriverManagerConnectionProviderImpl.java
Method name - buildCreator
Exception - HHH10001003: Autocommit mode: false
Date - 2021-12-09 11:20:03
Priority level - [INFO]
Logger name - hibernate.engine.jdbc.connections.internal.DriverManagerConnectionProviderImpl
Class name - hibernate.engine.jdbc.connections.internal.DriverManagerConnectionProviderImpl$PooledConnections
File name  - DriverManagerConnectionProviderImpl.java
Method name - <init>
Exception - HHH000115: Hibernate connection pool size: 20 (min=1)
Date - 2021-12-09 11:20:03
Priority level - [INFO]
Logger name - org.hibernate.dialect.Dialect
Class name - org.hibernate.dialect.Dialect
File name  - Dialect.java
Method name - <init>
Exception - HHH000400: Using dialect: org.hibernate.dialect.MySQL5Dialect
Date - 2021-12-09 11:20:04
Priority level - [INFO]
Logger name - org.hibernate.orm.connections.access
Class name - resource.transaction.backend.jdbc.internal.DdlTransactionIsolatorNonJtaImpl
File name  - DdlTransactionIsolatorNonJtaImpl.java
Method name - getIsolatedConnection
Exception - HHH10001501: Connection obtained from JdbcConnectionAccess [org.hibernate.engine.jdbc.env.internal.JdbcEnvironmentInitiator$ConnectionProviderJdbcConnectionAccess@7f7c420c] for (non-JTA) DDL execution was not in auto-commit mode; the Connection 'local transaction' will be committed and the Connection will be set into auto-commit mode.
Date - 2021-12-09 11:20:04
Priority level - [INFO]
Logger name - engine.transaction.jta.platform.internal.JtaPlatformInitiator
Class name - engine.transaction.jta.platform.internal.JtaPlatformInitiator
File name  - JtaPlatformInitiator.java
Method name - initiateService
Exception - HHH000490: Using JtaPlatform implementation: [org.hibernate.engine.transaction.jta.platform.internal.NoJtaPlatform]
Date - 2021-12-09 11:52:44
Priority level - [ERROR]
Logger name - com.ideas2it.project.logger.EmployeeManagementLogger
Class name - com.ideas2it.project.controller.ProjectController
File               name - ProjectController.java
Method name - containsProject
Exception - com.ideas2it.project.exception.CustomException: Unable to display Project
